

*******************************************************************************
Wed Mar 25 10:26:46 2026


FIT:    data read from "circle.dat" using 1:2
        format = x:z
        #datapoints = 100
        residuals are weighted equally (unit weight)

function used for fitting: f(x)
	f(x)=a / sqrt(x) + b
fitted parameters initialized with current variable values

iter      chisq       delta/lim  lambda   a             b            
   0 8.1605869143e+01   0.00e+00  7.07e-01    1.000000e+00   1.000000e+00
   5 3.2357433956e-03  -5.28e-09  7.07e-06    6.430602e+00  -1.463402e-03

After 5 iterations the fit converged.
final sum of squares of residuals : 0.00323574
rel. change during last iteration : -5.28071e-14

degrees of freedom    (FIT_NDF)                        : 98
rms of residuals      (FIT_STDFIT) = sqrt(WSSR/ndf)    : 0.00574611
variance of residuals (reduced chisquare) = WSSR/ndf   : 3.30178e-05

Final set of parameters            Asymptotic Standard Error
=======================            ==========================
a               = 6.4306           +/- 0.04367      (0.679%)
b               = -0.0014634       +/- 0.0009945    (67.96%)

correlation matrix of the fit parameters:
                a      b      
a               1.000 
b              -0.816  1.000 


*******************************************************************************
Wed Mar 25 10:49:27 2026


FIT:    data read from "circle.dat" using 1:2
        format = x:z
        #datapoints = 100
        residuals are weighted equally (unit weight)

function used for fitting: f(x)
	f(x)=a / sqrt(x) + b
fitted parameters initialized with current variable values

iter      chisq       delta/lim  lambda   a             b            
   0 8.1669387843e+01   0.00e+00  7.07e-01    1.000000e+00   1.000000e+00
   5 1.8682664532e-03  -7.93e-09  7.07e-06    6.002046e+00   5.713471e-03

After 5 iterations the fit converged.
final sum of squares of residuals : 0.00186827
rel. change during last iteration : -7.92724e-14

degrees of freedom    (FIT_NDF)                        : 98
rms of residuals      (FIT_STDFIT) = sqrt(WSSR/ndf)    : 0.00436623
variance of residuals (reduced chisquare) = WSSR/ndf   : 1.90639e-05

Final set of parameters            Asymptotic Standard Error
=======================            ==========================
a               = 6.00205          +/- 0.03318      (0.5528%)
b               = 0.00571347       +/- 0.0007557    (13.23%)

correlation matrix of the fit parameters:
                a      b      
a               1.000 
b              -0.816  1.000 


*******************************************************************************
Wed Mar 25 11:34:33 2026


FIT:    data read from "circle.dat" using 1:2
        format = x:z
        #datapoints = 100
        residuals are weighted equally (unit weight)

function used for fitting: f(x)
	f(x)=a / sqrt(x) + b
fitted parameters initialized with current variable values

iter      chisq       delta/lim  lambda   a             b            
   0 8.1520755359e+01   0.00e+00  7.07e-01    1.000000e+00   1.000000e+00
   5 2.3058361998e-03  -7.82e-09  7.07e-06    6.674829e+00  -5.275001e-03

After 5 iterations the fit converged.
final sum of squares of residuals : 0.00230584
rel. change during last iteration : -7.82411e-14

degrees of freedom    (FIT_NDF)                        : 98
rms of residuals      (FIT_STDFIT) = sqrt(WSSR/ndf)    : 0.00485066
variance of residuals (reduced chisquare) = WSSR/ndf   : 2.35289e-05

Final set of parameters            Asymptotic Standard Error
=======================            ==========================
a               = 6.67483          +/- 0.03686      (0.5522%)
b               = -0.005275        +/- 0.0008395    (15.92%)

correlation matrix of the fit parameters:
                a      b      
a               1.000 
b              -0.816  1.000 


*******************************************************************************
Wed Mar 25 11:37:41 2026


FIT:    data read from "circle.dat" using 1:2
        format = x:z
        #datapoints = 100
        residuals are weighted equally (unit weight)

function used for fitting: f(x)
	f(x)=a / sqrt(x) + b
fitted parameters initialized with current variable values

iter      chisq       delta/lim  lambda   a             b            
   0 8.1520755359e+01   0.00e+00  7.07e-01    1.000000e+00   1.000000e+00
   5 2.3058361998e-03  -7.82e-09  7.07e-06    6.674829e+00  -5.275001e-03

After 5 iterations the fit converged.
final sum of squares of residuals : 0.00230584
rel. change during last iteration : -7.82411e-14

degrees of freedom    (FIT_NDF)                        : 98
rms of residuals      (FIT_STDFIT) = sqrt(WSSR/ndf)    : 0.00485066
variance of residuals (reduced chisquare) = WSSR/ndf   : 2.35289e-05

Final set of parameters            Asymptotic Standard Error
=======================            ==========================
a               = 6.67483          +/- 0.03686      (0.5522%)
b               = -0.005275        +/- 0.0008395    (15.92%)

correlation matrix of the fit parameters:
                a      b      
a               1.000 
b              -0.816  1.000 


*******************************************************************************
Wed Mar 25 11:37:41 2026


FIT:    data read from "quasi.dat" using 1:2
        format = x:z
        #datapoints = 100
        residuals are weighted equally (unit weight)

function used for fitting: g(x)
	g(x)=a* log(x)^c / sqrt(x) + b
fitted parameters initialized with current variable values



*******************************************************************************
Wed Mar 25 11:39:16 2026


FIT:    data read from "circle.dat" using 1:2
        format = x:z
        #datapoints = 100
        residuals are weighted equally (unit weight)

function used for fitting: f(x)
	f(x) = a1 / sqrt(x) + b1
fitted parameters initialized with current variable values

Warning: Initial value of parameter 'b1' is zero.
iter      chisq       delta/lim  lambda   a1            b1           
   0 1.5643201938e+00   0.00e+00  1.61e-02    1.000000e+00   1.000000e-30
BREAK: Singular matrix in Invert_RtR

*******************************************************************************
Wed Mar 25 11:39:16 2026


FIT:    data read from "quasi.dat" using 1:2
        format = x:z
        #datapoints = 100
        residuals are weighted equally (unit weight)

function used for fitting: g(x)
	g(x) = a2 * log(x)**c2 / x + b2
fitted parameters initialized with current variable values

Warning: Initial value of parameter 'b2' is zero.
iter      chisq       delta/lim  lambda   a2            b2            c2           
   0 1.9340446302e+00   0.00e+00  7.57e-03    1.000000e+00   1.000000e-30   1.000000e+00
BREAK: Singular matrix in Invert_RtR

*******************************************************************************
Wed Mar 25 11:39:42 2026


FIT:    data read from "circle.dat" using 1:2
        format = x:z
        #datapoints = 100
        residuals are weighted equally (unit weight)

function used for fitting: f(x)
	f(x) = a1 / sqrt(x) + b1
fitted parameters initialized with current variable values

iter      chisq       delta/lim  lambda   a1            b1           
   0 5.5996371033e-01   0.00e+00  7.25e-02    1.000000e+00   1.000000e-01
   4 2.3058361998e-03  -1.37e-08  7.25e-06    6.674829e+00  -5.275001e-03

After 4 iterations the fit converged.
final sum of squares of residuals : 0.00230584
rel. change during last iteration : -1.36546e-13

degrees of freedom    (FIT_NDF)                        : 98
rms of residuals      (FIT_STDFIT) = sqrt(WSSR/ndf)    : 0.00485066
variance of residuals (reduced chisquare) = WSSR/ndf   : 2.35289e-05

Final set of parameters            Asymptotic Standard Error
=======================            ==========================
a1              = 6.67483          +/- 0.03686      (0.5522%)
b1              = -0.005275        +/- 0.0008395    (15.92%)

correlation matrix of the fit parameters:
                a1     b1     
a1              1.000 
b1             -0.816  1.000 


*******************************************************************************
Wed Mar 25 11:39:42 2026


FIT:    data read from "quasi.dat" using 1:2
        format = x:z
        #datapoints = 100
        residuals are weighted equally (unit weight)

function used for fitting: g(x)
	g(x) = a2 * log(x)**c2 / x + b2
fitted parameters initialized with current variable values

iter      chisq       delta/lim  lambda   a2            b2            c2           
   0 6.3598285518e-01   0.00e+00  5.82e-02    1.000000e+00   1.000000e-01   1.000000e+00
   9 2.5367315857e-04  -5.04e-01  5.82e-06    1.040101e+00   2.851409e-02   2.648339e+00

After 9 iterations the fit converged.
final sum of squares of residuals : 0.000253673
rel. change during last iteration : -5.0395e-06

degrees of freedom    (FIT_NDF)                        : 97
rms of residuals      (FIT_STDFIT) = sqrt(WSSR/ndf)    : 0.00161715
variance of residuals (reduced chisquare) = WSSR/ndf   : 2.61519e-06

Final set of parameters            Asymptotic Standard Error
=======================            ==========================
a2              = 1.0401           +/- 0.02047      (1.968%)
b2              = 0.0285141        +/- 0.0004708    (1.651%)
c2              = 2.64834          +/- 0.01209      (0.4567%)

correlation matrix of the fit parameters:
                a2     b2     c2     
a2              1.000 
b2              0.824  1.000 
c2             -0.995 -0.864  1.000 


*******************************************************************************
Wed Mar 25 12:21:49 2026


FIT:    data read from "circle.dat" using 1:2
        format = x:z
        #datapoints = 100
        residuals are weighted equally (unit weight)

function used for fitting: f(x)
	f(x) = a1 / sqrt(x) + b1
fitted parameters initialized with current variable values

iter      chisq       delta/lim  lambda   a1            b1           
   0 4.1362937976e-01   0.00e+00  7.25e-02    1.000000e+00   1.000000e-01
   4 4.2428292150e-03  -5.23e-09  7.25e-06    5.860532e+00   7.942643e-03

After 4 iterations the fit converged.
final sum of squares of residuals : 0.00424283
rel. change during last iteration : -5.23341e-14

degrees of freedom    (FIT_NDF)                        : 98
rms of residuals      (FIT_STDFIT) = sqrt(WSSR/ndf)    : 0.00657983
variance of residuals (reduced chisquare) = WSSR/ndf   : 4.32942e-05

Final set of parameters            Asymptotic Standard Error
=======================            ==========================
a1              = 5.86053          +/- 0.05         (0.8532%)
b1              = 0.00794264       +/- 0.001139     (14.34%)

correlation matrix of the fit parameters:
                a1     b1     
a1              1.000 
b1             -0.816  1.000 


*******************************************************************************
Wed Mar 25 12:21:49 2026


FIT:    data read from "quasi.dat" using 1:2
        format = x:z
        #datapoints = 100
        residuals are weighted equally (unit weight)

function used for fitting: g(x)
	g(x) = a2 * log(x)**c2 / x + b2
fitted parameters initialized with current variable values

iter      chisq       delta/lim  lambda   a2            b2            c2           
   0 6.3598285518e-01   0.00e+00  5.82e-02    1.000000e+00   1.000000e-01   1.000000e+00
   9 2.5367315857e-04  -5.04e-01  5.82e-06    1.040101e+00   2.851409e-02   2.648339e+00

After 9 iterations the fit converged.
final sum of squares of residuals : 0.000253673
rel. change during last iteration : -5.0395e-06

degrees of freedom    (FIT_NDF)                        : 97
rms of residuals      (FIT_STDFIT) = sqrt(WSSR/ndf)    : 0.00161715
variance of residuals (reduced chisquare) = WSSR/ndf   : 2.61519e-06

Final set of parameters            Asymptotic Standard Error
=======================            ==========================
a2              = 1.0401           +/- 0.02047      (1.968%)
b2              = 0.0285141        +/- 0.0004708    (1.651%)
c2              = 2.64834          +/- 0.01209      (0.4567%)

correlation matrix of the fit parameters:
                a2     b2     c2     
a2              1.000 
b2              0.824  1.000 
c2             -0.995 -0.864  1.000 


*******************************************************************************
Thu Mar 26 11:40:40 2026


FIT:    data read from "circle.dat" using 1:2
        format = x:z
        #datapoints = 100
        residuals are weighted equally (unit weight)

function used for fitting: f(x)
	f(x) = a1 / sqrt(x) + b1
fitted parameters initialized with current variable values

iter      chisq       delta/lim  lambda   a1            b1           
   0 5.2660390479e-01   0.00e+00  7.25e-02    1.000000e+00   1.000000e-01
   4 9.5246850502e-04  -3.03e-08  7.25e-06    6.509547e+00  -2.720837e-03

After 4 iterations the fit converged.
final sum of squares of residuals : 0.000952469
rel. change during last iteration : -3.03131e-13

degrees of freedom    (FIT_NDF)                        : 98
rms of residuals      (FIT_STDFIT) = sqrt(WSSR/ndf)    : 0.00311754
variance of residuals (reduced chisquare) = WSSR/ndf   : 9.71907e-06

Final set of parameters            Asymptotic Standard Error
=======================            ==========================
a1              = 6.50955          +/- 0.02369      (0.3639%)
b1              = -0.00272084      +/- 0.0005396    (19.83%)

correlation matrix of the fit parameters:
                a1     b1     
a1              1.000 
b1             -0.816  1.000 


*******************************************************************************
Thu Mar 26 11:40:40 2026


FIT:    data read from "quasi.dat" using 1:2
        format = x:z
        #datapoints = 100
        residuals are weighted equally (unit weight)

function used for fitting: g(x)
	g(x) = a2 * log(x)**c2 / x + b2
fitted parameters initialized with current variable values

iter      chisq       delta/lim  lambda   a2            b2            c2           
   0 6.3598285518e-01   0.00e+00  5.82e-02    1.000000e+00   1.000000e-01   1.000000e+00
   9 2.5367315857e-04  -5.04e-01  5.82e-06    1.040101e+00   2.851409e-02   2.648339e+00

After 9 iterations the fit converged.
final sum of squares of residuals : 0.000253673
rel. change during last iteration : -5.0395e-06

degrees of freedom    (FIT_NDF)                        : 97
rms of residuals      (FIT_STDFIT) = sqrt(WSSR/ndf)    : 0.00161715
variance of residuals (reduced chisquare) = WSSR/ndf   : 2.61519e-06

Final set of parameters            Asymptotic Standard Error
=======================            ==========================
a2              = 1.0401           +/- 0.02047      (1.968%)
b2              = 0.0285141        +/- 0.0004708    (1.651%)
c2              = 2.64834          +/- 0.01209      (0.4567%)

correlation matrix of the fit parameters:
                a2     b2     c2     
a2              1.000 
b2              0.824  1.000 
c2             -0.995 -0.864  1.000 


*******************************************************************************
Thu Mar 26 11:42:30 2026


FIT:    data read from "circle.dat" using 1:2
        format = x:z
        #datapoints = 100
        residuals are weighted equally (unit weight)

function used for fitting: f(x)
	f(x) = a1 / sqrt(x) + b1
fitted parameters initialized with current variable values

iter      chisq       delta/lim  lambda   a1            b1           
   0 5.1618097165e-01   0.00e+00  7.25e-02    1.000000e+00   1.000000e-01
   4 4.2056045102e-03  -7.14e-09  7.25e-06    6.437262e+00  -1.670354e-03

After 4 iterations the fit converged.
final sum of squares of residuals : 0.0042056
rel. change during last iteration : -7.13589e-14

degrees of freedom    (FIT_NDF)                        : 98
rms of residuals      (FIT_STDFIT) = sqrt(WSSR/ndf)    : 0.0065509
variance of residuals (reduced chisquare) = WSSR/ndf   : 4.29143e-05

Final set of parameters            Asymptotic Standard Error
=======================            ==========================
a1              = 6.43726          +/- 0.04978      (0.7733%)
b1              = -0.00167035      +/- 0.001134     (67.88%)

correlation matrix of the fit parameters:
                a1     b1     
a1              1.000 
b1             -0.816  1.000 


*******************************************************************************
Thu Mar 26 11:42:30 2026


FIT:    data read from "quasi.dat" using 1:2
        format = x:z
        #datapoints = 100
        residuals are weighted equally (unit weight)

function used for fitting: g(x)
	g(x) = a2 * log(x)**c2 / x + b2
fitted parameters initialized with current variable values

iter      chisq       delta/lim  lambda   a2            b2            c2           
   0 6.3598285518e-01   0.00e+00  5.82e-02    1.000000e+00   1.000000e-01   1.000000e+00
   9 2.5367315857e-04  -5.04e-01  5.82e-06    1.040101e+00   2.851409e-02   2.648339e+00

After 9 iterations the fit converged.
final sum of squares of residuals : 0.000253673
rel. change during last iteration : -5.0395e-06

degrees of freedom    (FIT_NDF)                        : 97
rms of residuals      (FIT_STDFIT) = sqrt(WSSR/ndf)    : 0.00161715
variance of residuals (reduced chisquare) = WSSR/ndf   : 2.61519e-06

Final set of parameters            Asymptotic Standard Error
=======================            ==========================
a2              = 1.0401           +/- 0.02047      (1.968%)
b2              = 0.0285141        +/- 0.0004708    (1.651%)
c2              = 2.64834          +/- 0.01209      (0.4567%)

correlation matrix of the fit parameters:
                a2     b2     c2     
a2              1.000 
b2              0.824  1.000 
c2             -0.995 -0.864  1.000 


*******************************************************************************
Thu Mar 26 11:51:36 2026


FIT:    data read from "circle.dat" using 1:2
        format = x:z
        #datapoints = 100
        residuals are weighted equally (unit weight)

function used for fitting: f(x)
	f(x) = a1 / sqrt(x) + b1
fitted parameters initialized with current variable values

iter      chisq       delta/lim  lambda   a1            b1           
   0 5.1618097165e-01   0.00e+00  7.25e-02    1.000000e+00   1.000000e-01
   4 4.2056045102e-03  -7.14e-09  7.25e-06    6.437262e+00  -1.670354e-03

After 4 iterations the fit converged.
final sum of squares of residuals : 0.0042056
rel. change during last iteration : -7.13589e-14

degrees of freedom    (FIT_NDF)                        : 98
rms of residuals      (FIT_STDFIT) = sqrt(WSSR/ndf)    : 0.0065509
variance of residuals (reduced chisquare) = WSSR/ndf   : 4.29143e-05

Final set of parameters            Asymptotic Standard Error
=======================            ==========================
a1              = 6.43726          +/- 0.04978      (0.7733%)
b1              = -0.00167035      +/- 0.001134     (67.88%)

correlation matrix of the fit parameters:
                a1     b1     
a1              1.000 
b1             -0.816  1.000 


*******************************************************************************
Thu Mar 26 11:51:36 2026


FIT:    data read from "quasi.dat" using 1:2
        format = x:z
        #datapoints = 100
        residuals are weighted equally (unit weight)

function used for fitting: g(x)
	g(x) = a2 * log(x)**c2 / x + b2
fitted parameters initialized with current variable values

iter      chisq       delta/lim  lambda   a2            b2            c2           
   0 6.3598285518e-01   0.00e+00  5.82e-02    1.000000e+00   1.000000e-01   1.000000e+00
   9 2.5367315857e-04  -5.04e-01  5.82e-06    1.040101e+00   2.851409e-02   2.648339e+00

After 9 iterations the fit converged.
final sum of squares of residuals : 0.000253673
rel. change during last iteration : -5.0395e-06

degrees of freedom    (FIT_NDF)                        : 97
rms of residuals      (FIT_STDFIT) = sqrt(WSSR/ndf)    : 0.00161715
variance of residuals (reduced chisquare) = WSSR/ndf   : 2.61519e-06

Final set of parameters            Asymptotic Standard Error
=======================            ==========================
a2              = 1.0401           +/- 0.02047      (1.968%)
b2              = 0.0285141        +/- 0.0004708    (1.651%)
c2              = 2.64834          +/- 0.01209      (0.4567%)

correlation matrix of the fit parameters:
                a2     b2     c2     
a2              1.000 
b2              0.824  1.000 
c2             -0.995 -0.864  1.000 


*******************************************************************************
Thu Mar 26 11:51:36 2026


FIT:    data read from "strata.dat" using 1:2
        format = x:z
        #datapoints = 100
        residuals are weighted equally (unit weight)

function used for fitting: h(x)
	h(x) = a3 / sqrt(x) + b3
fitted parameters initialized with current variable values

iter      chisq       delta/lim  lambda   a3            b3           
   0 7.6806952513e-01   0.00e+00  7.25e-02    1.000000e+00   1.000000e-01
   3 7.1298428001e-04  -5.35e-01  7.25e-05    2.146134e-01   2.761295e-02

After 3 iterations the fit converged.
final sum of squares of residuals : 0.000712984
rel. change during last iteration : -5.35453e-06

degrees of freedom    (FIT_NDF)                        : 98
rms of residuals      (FIT_STDFIT) = sqrt(WSSR/ndf)    : 0.00269729
variance of residuals (reduced chisquare) = WSSR/ndf   : 7.27535e-06

Final set of parameters            Asymptotic Standard Error
=======================            ==========================
a3              = 0.214613         +/- 0.0205       (9.551%)
b3              = 0.0276129        +/- 0.0004668    (1.691%)

correlation matrix of the fit parameters:
                a3     b3     
a3              1.000 
b3             -0.816  1.000 
